{"level":"info","ts":"2024-08-11T15:30:12.128+0500","logger":"api_gateway","caller":"/home/saidakbar/Desktop/Projects/personal_finance_tracker/api_gateway/cmd/main.go:33","msg":"Gin router is running.."}
{"level":"info","ts":"2024-08-11T15:31:41.233+0500","logger":"api_gateway","caller":"/home/saidakbar/Desktop/Projects/personal_finance_tracker/api_gateway/cmd/main.go:33","msg":"Gin router is running.."}
{"level":"info","ts":"2024-08-11T15:41:09.307+0500","logger":"api_gateway","caller":"/home/saidakbar/Desktop/Projects/personal_finance_tracker/api_gateway/cmd/main.go:33","msg":"Gin router is running.."}
{"level":"info","ts":"2024-08-11T15:45:51.674+0500","logger":"api_gateway","caller":"/home/saidakbar/Desktop/Projects/personal_finance_tracker/api_gateway/cmd/main.go:33","msg":"Gin router is running.."}
{"level":"info","ts":"2024-08-11T15:46:38.080+0500","logger":"api_gateway","caller":"/home/saidakbar/Desktop/Projects/personal_finance_tracker/api_gateway/cmd/main.go:33","msg":"Gin router is running.."}
{"level":"info","ts":"2024-08-11T15:47:17.501+0500","logger":"api_gateway","caller":"/home/saidakbar/Desktop/Projects/personal_finance_tracker/api_gateway/api/handlers/v1/handler.go:44","msg":"!!!!! Bad Request","msg":"Error while checking email and password is valid and strong","status":400,"Error":"password ning uzunligi 8 ta belgidan kam bo'lmasligi kerak"}
{"level":"info","ts":"2024-08-11T15:47:28.175+0500","logger":"api_gateway","caller":"/home/saidakbar/Desktop/Projects/personal_finance_tracker/api_gateway/api/handlers/v1/handler.go:47","msg":"!!!!! Internal Server Error","msg":"Error with register User","status":500,"Error":"rpc error: code = Unknown desc = ERROR: column \"user_role\" does not exist (SQLSTATE 42703)"}
{"level":"info","ts":"2024-08-11T15:49:23.332+0500","logger":"api_gateway","caller":"/home/saidakbar/Desktop/Projects/personal_finance_tracker/api_gateway/api/handlers/v1/handler.go:47","msg":"!!!!! Internal Server Error","msg":"Error with register User","status":500,"Error":"rpc error: code = Unknown desc = ERROR: column \"user_role\" does not exist (SQLSTATE 42703)"}
{"level":"info","ts":"2024-08-11T16:01:08.445+0500","logger":"api_gateway","caller":"/home/saidakbar/Desktop/Projects/personal_finance_tracker/api_gateway/api/handlers/v1/handler.go:47","msg":"!!!!! Internal Server Error","msg":"Error with register User","status":500,"Error":"rpc error: code = Unknown desc = ERROR: duplicate key value violates unique constraint \"users_email_key\" (SQLSTATE 23505)"}
{"level":"info","ts":"2024-08-11T16:01:43.008+0500","logger":"api_gateway","caller":"/home/saidakbar/Desktop/Projects/personal_finance_tracker/api_gateway/api/handlers/v1/handler.go:47","msg":"!!!!! Internal Server Error","msg":"error while using GetAll method of users service","status":500,"Error":{"Key":"error","Type":26,"Integer":0,"String":"","Interface":{}}}
{"level":"info","ts":"2024-08-11T17:58:10.008+0500","logger":"api_gateway","caller":"/home/saidakbar/Desktop/Projects/personal_finance_tracker/api_gateway/cmd/main.go:45","msg":"Gin router is running.."}
{"level":"info","ts":"2024-08-11T17:59:15.188+0500","logger":"api_gateway","caller":"/home/saidakbar/Desktop/Projects/personal_finance_tracker/api_gateway/api/handlers/v1/handler.go:50","msg":"!!!!! Bad Request","msg":"Password is incorrect","status":400,"Error":"crypto/bcrypt: hashedSecret too short to be a bcrypted password"}
{"level":"info","ts":"2024-08-11T18:09:28.019+0500","logger":"api_gateway","caller":"/home/saidakbar/Desktop/Projects/personal_finance_tracker/api_gateway/cmd/main.go:45","msg":"Gin router is running.."}
{"level":"info","ts":"2024-08-11T18:09:38.849+0500","logger":"api_gateway","caller":"/home/saidakbar/Desktop/Projects/personal_finance_tracker/api_gateway/api/handlers/v1/handler.go:53","msg":"!!!!! Internal Server Error","msg":"Error with storing refresh token to refreshToken table","status":500,"Error":"rpc error: code = Unknown desc = ERROR: invalid input syntax for type timestamp: \"2024-08-12 18:09:38.848822665 +0500 +05 m=+86410.838282456\" (SQLSTATE 22007)"}
{"level":"info","ts":"2024-08-11T18:16:48.704+0500","logger":"api_gateway","caller":"/home/saidakbar/Desktop/Projects/personal_finance_tracker/api_gateway/api/handlers/v1/handler.go:53","msg":"!!!!! Internal Server Error","msg":"Error with storing refresh token to refreshToken table","status":500,"Error":"rpc error: code = Unknown desc = parsing time \"2024-08-12 18:16:48.703842685 +0500 +05 m=+86840.693302478\" as \"2006-01-02T15:04:05Z07:00\": cannot parse \" 18:16:48.703842685 +0500 +05 m=+86840.693302478\" as \"T\""}
{"level":"info","ts":"2024-08-11T18:18:04.951+0500","logger":"api_gateway","caller":"/home/saidakbar/Desktop/Projects/personal_finance_tracker/api_gateway/api/handlers/v1/handler.go:53","msg":"!!!!! Internal Server Error","msg":"Error with storing refresh token to refreshToken table","status":500,"Error":"rpc error: code = Unknown desc = ERROR: syntax error at or near \"::\" (SQLSTATE 42601)"}
{"level":"info","ts":"2024-08-11T18:19:01.813+0500","logger":"api_gateway","caller":"/home/saidakbar/Desktop/Projects/personal_finance_tracker/api_gateway/api/handlers/v1/handler.go:53","msg":"!!!!! Internal Server Error","msg":"Error with storing refresh token to refreshToken table","status":500,"Error":"rpc error: code = Unknown desc = ERROR: invalid input syntax for type timestamp: \"2024-08-12 18:19:01.812658934 +0500 +05 m=+86973.802118727\" (SQLSTATE 22007)"}
{"level":"info","ts":"2024-08-11T18:19:56.125+0500","logger":"api_gateway","caller":"/home/saidakbar/Desktop/Projects/personal_finance_tracker/api_gateway/api/handlers/v1/handler.go:53","msg":"!!!!! Internal Server Error","msg":"Error with storing refresh token to refreshToken table","status":500,"Error":"rpc error: code = Unknown desc = ERROR: invalid input syntax for type timestamp: \"2024-08-12 18:19:56.124942823 +0500 +05 m=+87028.114402619\" (SQLSTATE 22007)"}
{"level":"info","ts":"2024-08-11T18:20:37.562+0500","logger":"api_gateway","caller":"/home/saidakbar/Desktop/Projects/personal_finance_tracker/api_gateway/cmd/main.go:45","msg":"Gin router is running.."}
{"level":"info","ts":"2024-08-11T18:24:55.616+0500","logger":"api_gateway","caller":"/home/saidakbar/Desktop/Projects/personal_finance_tracker/api_gateway/cmd/main.go:45","msg":"Gin router is running.."}
{"level":"info","ts":"2024-08-11T18:26:22.282+0500","logger":"api_gateway","caller":"/home/saidakbar/Desktop/Projects/personal_finance_tracker/api_gateway/cmd/main.go:45","msg":"Gin router is running.."}
{"level":"info","ts":"2024-08-11T18:28:36.228+0500","logger":"api_gateway","caller":"/home/saidakbar/Desktop/Projects/personal_finance_tracker/api_gateway/cmd/main.go:45","msg":"Gin router is running.."}
{"level":"info","ts":"2024-08-11T18:29:19.582+0500","logger":"api_gateway","caller":"/home/saidakbar/Desktop/Projects/personal_finance_tracker/api_gateway/cmd/main.go:45","msg":"Gin router is running.."}
{"level":"info","ts":"2024-08-11T18:29:31.746+0500","logger":"api_gateway","caller":"/home/saidakbar/Desktop/Projects/personal_finance_tracker/api_gateway/cmd/main.go:45","msg":"Gin router is running.."}
{"level":"info","ts":"2024-08-11T18:29:43.853+0500","logger":"api_gateway","caller":"/home/saidakbar/Desktop/Projects/personal_finance_tracker/api_gateway/cmd/main.go:45","msg":"Gin router is running.."}
{"level":"info","ts":"2024-08-11T18:30:19.421+0500","logger":"api_gateway","caller":"/home/saidakbar/Desktop/Projects/personal_finance_tracker/api_gateway/cmd/main.go:45","msg":"Gin router is running.."}
{"level":"info","ts":"2024-08-11T18:30:45.444+0500","logger":"api_gateway","caller":"/home/saidakbar/Desktop/Projects/personal_finance_tracker/api_gateway/cmd/main.go:45","msg":"Gin router is running.."}
{"level":"info","ts":"2024-08-11T18:30:58.906+0500","logger":"api_gateway","caller":"/home/saidakbar/Desktop/Projects/personal_finance_tracker/api_gateway/cmd/main.go:45","msg":"Gin router is running.."}
{"level":"info","ts":"2024-08-11T18:31:12.160+0500","logger":"api_gateway","caller":"/home/saidakbar/Desktop/Projects/personal_finance_tracker/api_gateway/cmd/main.go:45","msg":"Gin router is running.."}
{"level":"info","ts":"2024-08-11T18:31:51.734+0500","logger":"api_gateway","caller":"/home/saidakbar/Desktop/Projects/personal_finance_tracker/api_gateway/cmd/main.go:45","msg":"Gin router is running.."}
{"level":"info","ts":"2024-08-11T18:33:16.121+0500","logger":"api_gateway","caller":"/home/saidakbar/Desktop/Projects/personal_finance_tracker/api_gateway/cmd/main.go:45","msg":"Gin router is running.."}
{"level":"info","ts":"2024-08-11T18:34:20.972+0500","logger":"api_gateway","caller":"/home/saidakbar/Desktop/Projects/personal_finance_tracker/api_gateway/cmd/main.go:45","msg":"Gin router is running.."}
{"level":"info","ts":"2024-08-11T18:34:59.655+0500","logger":"api_gateway","caller":"/home/saidakbar/Desktop/Projects/personal_finance_tracker/api_gateway/cmd/main.go:45","msg":"Gin router is running.."}
{"level":"info","ts":"2024-08-11T18:35:27.768+0500","logger":"api_gateway","caller":"/home/saidakbar/Desktop/Projects/personal_finance_tracker/api_gateway/cmd/main.go:45","msg":"Gin router is running.."}
{"level":"info","ts":"2024-08-11T18:36:47.126+0500","logger":"api_gateway","caller":"/home/saidakbar/Desktop/Projects/personal_finance_tracker/api_gateway/cmd/main.go:45","msg":"Gin router is running.."}
{"level":"info","ts":"2024-08-11T18:37:33.932+0500","logger":"api_gateway","caller":"/home/saidakbar/Desktop/Projects/personal_finance_tracker/api_gateway/cmd/main.go:45","msg":"Gin router is running.."}
{"level":"info","ts":"2024-08-11T18:42:01.522+0500","logger":"api_gateway","caller":"/home/saidakbar/Desktop/Projects/personal_finance_tracker/api_gateway/cmd/main.go:45","msg":"Gin router is running.."}
{"level":"info","ts":"2024-08-11T18:42:05.052+0500","logger":"api_gateway","caller":"/home/saidakbar/Desktop/Projects/personal_finance_tracker/api_gateway/api/handlers/v1/handler.go:53","msg":"!!!!! Internal Server Error","msg":"error while using GetAll method of users service","status":500,"Error":{"Key":"error","Type":26,"Integer":0,"String":"","Interface":{}}}
{"level":"info","ts":"2024-08-11T18:53:42.943+0500","logger":"api_gateway","caller":"/home/saidakbar/Desktop/Projects/personal_finance_tracker/api_gateway/api/handlers/v1/handler.go:53","msg":"!!!!! Internal Server Error","msg":"error while using GetAll method of users service","status":500,"Error":{"Key":"error","Type":26,"Integer":0,"String":"","Interface":{}}}
{"level":"info","ts":"2024-08-11T18:54:52.661+0500","logger":"api_gateway","caller":"/home/saidakbar/Desktop/Projects/personal_finance_tracker/api_gateway/api/handlers/v1/handler.go:53","msg":"!!!!! Internal Server Error","msg":"error while using GetAll method of users service","status":500,"Error":{"Key":"error","Type":26,"Integer":0,"String":"","Interface":{}}}
{"level":"info","ts":"2024-08-11T18:56:44.718+0500","logger":"api_gateway","caller":"/home/saidakbar/Desktop/Projects/personal_finance_tracker/api_gateway/api/handlers/v1/handler.go:44","msg":"~~~~> OK","msg":"","status":200}
{"level":"info","ts":"2024-08-11T18:57:10.832+0500","logger":"api_gateway","caller":"/home/saidakbar/Desktop/Projects/personal_finance_tracker/api_gateway/api/handlers/v1/handler.go:44","msg":"~~~~> OK","msg":"","status":200}
{"level":"info","ts":"2024-08-11T18:57:25.212+0500","logger":"api_gateway","caller":"/home/saidakbar/Desktop/Projects/personal_finance_tracker/api_gateway/api/handlers/v1/handler.go:44","msg":"~~~~> OK","msg":"","status":200}
{"level":"info","ts":"2024-08-11T18:57:36.643+0500","logger":"api_gateway","caller":"/home/saidakbar/Desktop/Projects/personal_finance_tracker/api_gateway/api/handlers/v1/handler.go:44","msg":"~~~~> OK","msg":"","status":200}
{"level":"info","ts":"2024-08-11T18:57:41.562+0500","logger":"api_gateway","caller":"/home/saidakbar/Desktop/Projects/personal_finance_tracker/api_gateway/api/handlers/v1/handler.go:44","msg":"~~~~> OK","msg":"","status":200}
{"level":"info","ts":"2024-08-11T18:57:56.012+0500","logger":"api_gateway","caller":"/home/saidakbar/Desktop/Projects/personal_finance_tracker/api_gateway/api/handlers/v1/handler.go:44","msg":"~~~~> OK","msg":"","status":200}
{"level":"info","ts":"2024-08-11T18:58:03.093+0500","logger":"api_gateway","caller":"/home/saidakbar/Desktop/Projects/personal_finance_tracker/api_gateway/api/handlers/v1/handler.go:44","msg":"~~~~> OK","msg":"","status":200}
{"level":"info","ts":"2024-08-11T18:58:09.236+0500","logger":"api_gateway","caller":"/home/saidakbar/Desktop/Projects/personal_finance_tracker/api_gateway/api/handlers/v1/handler.go:44","msg":"~~~~> OK","msg":"","status":200}
{"level":"info","ts":"2024-08-11T18:58:16.314+0500","logger":"api_gateway","caller":"/home/saidakbar/Desktop/Projects/personal_finance_tracker/api_gateway/api/handlers/v1/handler.go:44","msg":"~~~~> OK","msg":"","status":200}
{"level":"info","ts":"2024-08-11T19:02:45.394+0500","logger":"api_gateway","caller":"/home/saidakbar/Desktop/Projects/personal_finance_tracker/api_gateway/cmd/main.go:45","msg":"Gin router is running.."}
{"level":"info","ts":"2024-08-11T19:04:22.580+0500","logger":"api_gateway","caller":"/home/saidakbar/Desktop/Projects/personal_finance_tracker/api_gateway/api/handlers/v1/handler.go:50","msg":"!!!!! Bad Request","msg":"Error with checking email is exists","status":400,"Error":"rpc error: code = Unknown desc = no rows in result set"}
{"level":"info","ts":"2024-08-11T19:17:54.532+0500","logger":"api_gateway","caller":"/home/saidakbar/Desktop/Projects/personal_finance_tracker/api_gateway/api/handlers/v1/handler.go:50","msg":"!!!!! Bad Request","msg":"Error with checking email is exists","status":400,"Error":"rpc error: code = Unknown desc = no rows in result set"}
{"level":"info","ts":"2024-08-11T19:17:58.010+0500","logger":"api_gateway","caller":"/home/saidakbar/Desktop/Projects/personal_finance_tracker/api_gateway/api/handlers/v1/handler.go:50","msg":"!!!!! Bad Request","msg":"Error with checking email is exists","status":400,"Error":"rpc error: code = Unknown desc = no rows in result set"}
{"level":"info","ts":"2024-08-11T19:18:28.308+0500","logger":"api_gateway","caller":"/home/saidakbar/Desktop/Projects/personal_finance_tracker/api_gateway/api/handlers/v1/handler.go:50","msg":"!!!!! Bad Request","msg":"Error with checking email is exists","status":400,"Error":"rpc error: code = Unknown desc = no rows in result set"}
{"level":"info","ts":"2024-08-11T19:19:29.780+0500","logger":"api_gateway","caller":"/home/saidakbar/Desktop/Projects/personal_finance_tracker/api_gateway/api/handlers/v1/handler.go:50","msg":"!!!!! Bad Request","msg":"Error with checking email is exists","status":400,"Error":"rpc error: code = Unknown desc = no rows in result set"}
{"level":"info","ts":"2024-08-11T19:19:50.959+0500","logger":"api_gateway","caller":"/home/saidakbar/Desktop/Projects/personal_finance_tracker/api_gateway/api/handlers/v1/handler.go:50","msg":"!!!!! Bad Request","msg":"Error with checking email is exists","status":400,"Error":"rpc error: code = Unknown desc = no rows in result set"}
{"level":"info","ts":"2024-08-11T19:24:07.978+0500","logger":"api_gateway","caller":"/home/saidakbar/Desktop/Projects/personal_finance_tracker/api_gateway/api/handlers/v1/handler.go:50","msg":"!!!!! Bad Request","msg":"Error with checking email is exists","status":400,"Error":"rpc error: code = Unknown desc = no rows in result set"}
{"level":"info","ts":"2024-08-11T19:24:10.044+0500","logger":"api_gateway","caller":"/home/saidakbar/Desktop/Projects/personal_finance_tracker/api_gateway/api/handlers/v1/handler.go:50","msg":"!!!!! Bad Request","msg":"Error with checking email is exists","status":400,"Error":"rpc error: code = Unknown desc = no rows in result set"}
{"level":"info","ts":"2024-08-11T19:25:37.756+0500","logger":"api_gateway","caller":"/home/saidakbar/Desktop/Projects/personal_finance_tracker/api_gateway/api/handlers/v1/handler.go:50","msg":"!!!!! Bad Request","msg":"Error with checking email is exists","status":400,"Error":"rpc error: code = Unknown desc = no rows in result set"}
{"level":"info","ts":"2024-08-11T19:26:52.192+0500","logger":"api_gateway","caller":"/home/saidakbar/Desktop/Projects/personal_finance_tracker/api_gateway/api/handlers/v1/handler.go:50","msg":"!!!!! Bad Request","msg":"Error with checking email is exists","status":400,"Error":"rpc error: code = Unknown desc = email not found in database"}
{"level":"info","ts":"2024-08-11T19:27:08.730+0500","logger":"api_gateway","caller":"/home/saidakbar/Desktop/Projects/personal_finance_tracker/api_gateway/api/handlers/v1/handler.go:50","msg":"!!!!! Bad Request","msg":"Error with checking email is exists","status":400,"Error":"rpc error: code = Unknown desc = email not found in database"}
{"level":"info","ts":"2024-08-11T19:27:29.341+0500","logger":"api_gateway","caller":"/home/saidakbar/Desktop/Projects/personal_finance_tracker/api_gateway/api/handlers/v1/handler.go:50","msg":"!!!!! Bad Request","msg":"Error with checking email is exists","status":400,"Error":"rpc error: code = Unknown desc = email not found in database"}
{"level":"info","ts":"2024-08-11T19:28:32.911+0500","logger":"api_gateway","caller":"/home/saidakbar/Desktop/Projects/personal_finance_tracker/api_gateway/api/handlers/v1/handler.go:50","msg":"!!!!! Bad Request","msg":"Error with checking email is exists","status":400,"Error":"rpc error: code = Unknown desc = email not found in database"}
{"level":"info","ts":"2024-08-11T19:29:30.954+0500","logger":"api_gateway","caller":"/home/saidakbar/Desktop/Projects/personal_finance_tracker/api_gateway/api/handlers/v1/handler.go:50","msg":"!!!!! Bad Request","msg":"Error with checking email is exists","status":400,"Error":"rpc error: code = Unknown desc = no rows in result set"}
{"level":"info","ts":"2024-08-11T19:30:01.276+0500","logger":"api_gateway","caller":"/home/saidakbar/Desktop/Projects/personal_finance_tracker/api_gateway/api/handlers/v1/handler.go:50","msg":"!!!!! Bad Request","msg":"Error with checking email is exists","status":400,"Error":"rpc error: code = Unknown desc = no rows in result set"}
{"level":"info","ts":"2024-08-11T19:30:22.730+0500","logger":"api_gateway","caller":"/home/saidakbar/Desktop/Projects/personal_finance_tracker/api_gateway/api/handlers/v1/handler.go:50","msg":"!!!!! Bad Request","msg":"Error with checking email is exists","status":400,"Error":"rpc error: code = Unknown desc = email not found in database"}
{"level":"info","ts":"2024-08-11T19:31:14.367+0500","logger":"api_gateway","caller":"/home/saidakbar/Desktop/Projects/personal_finance_tracker/api_gateway/api/handlers/v1/handler.go:50","msg":"!!!!! Bad Request","msg":"Error with checking email is exists","status":400,"Error":"rpc error: code = Unknown desc = email not found in database"}
{"level":"info","ts":"2024-08-11T19:31:29.443+0500","logger":"api_gateway","caller":"/home/saidakbar/Desktop/Projects/personal_finance_tracker/api_gateway/api/handlers/v1/handler.go:50","msg":"!!!!! Bad Request","msg":"Error with checking email is exists","status":400,"Error":"rpc error: code = Unknown desc = ERROR: relation \"userss\" does not exist (SQLSTATE 42P01)"}
{"level":"info","ts":"2024-08-11T19:32:00.431+0500","logger":"api_gateway","caller":"/home/saidakbar/Desktop/Projects/personal_finance_tracker/api_gateway/api/handlers/v1/handler.go:44","msg":"~~~~> OK","msg":"","status":200}
{"level":"info","ts":"2024-08-11T19:39:06.648+0500","logger":"api_gateway","caller":"/home/saidakbar/Desktop/Projects/personal_finance_tracker/api_gateway/api/handlers/v1/handler.go:44","msg":"~~~~> OK","msg":"","status":200}
{"level":"info","ts":"2024-08-11T19:40:21.106+0500","logger":"api_gateway","caller":"/home/saidakbar/Desktop/Projects/personal_finance_tracker/api_gateway/api/handlers/v1/handler.go:44","msg":"~~~~> OK","msg":"","status":200}
{"level":"info","ts":"2024-08-11T19:41:33.749+0500","logger":"api_gateway","caller":"/home/saidakbar/Desktop/Projects/personal_finance_tracker/api_gateway/api/handlers/v1/handler.go:50","msg":"!!!!! Bad Request","msg":"Password is incorrect","status":400,"Error":"crypto/bcrypt: hashedPassword is not the hash of the given password"}
{"level":"info","ts":"2024-08-11T19:42:26.519+0500","logger":"api_gateway","caller":"/home/saidakbar/Desktop/Projects/personal_finance_tracker/api_gateway/api/handlers/v1/handler.go:44","msg":"~~~~> OK","msg":"","status":200}
{"level":"info","ts":"2024-08-11T19:42:57.927+0500","logger":"api_gateway","caller":"/home/saidakbar/Desktop/Projects/personal_finance_tracker/api_gateway/api/handlers/v1/handler.go:53","msg":"!!!!! Internal Server Error","msg":"error while using Update method of users service","status":500,"Error":"rpc error: code = Unknown desc = ERROR: syntax error at or near \"full_name\" (SQLSTATE 42601)"}
{"level":"info","ts":"2024-08-11T19:43:33.539+0500","logger":"api_gateway","caller":"/home/saidakbar/Desktop/Projects/personal_finance_tracker/api_gateway/api/handlers/v1/handler.go:53","msg":"!!!!! Internal Server Error","msg":"error while using ChangePassword method of users service","status":500,"Error":"rpc error: code = Unknown desc = password is not correct"}
{"level":"info","ts":"2024-08-11T19:43:52.209+0500","logger":"api_gateway","caller":"/home/saidakbar/Desktop/Projects/personal_finance_tracker/api_gateway/api/handlers/v1/handler.go:53","msg":"!!!!! Internal Server Error","msg":"error while using ChangePassword method of users service","status":500,"Error":"rpc error: code = Unknown desc = password is not correct"}
{"level":"info","ts":"2024-08-11T19:44:03.417+0500","logger":"api_gateway","caller":"/home/saidakbar/Desktop/Projects/personal_finance_tracker/api_gateway/api/handlers/v1/handler.go:53","msg":"!!!!! Internal Server Error","msg":"error while using ChangePassword method of users service","status":500,"Error":"rpc error: code = Unknown desc = password is not correct"}
{"level":"info","ts":"2024-08-11T19:44:30.516+0500","logger":"api_gateway","caller":"/home/saidakbar/Desktop/Projects/personal_finance_tracker/api_gateway/api/handlers/v1/handler.go:53","msg":"!!!!! Internal Server Error","msg":"error while using ChangePassword method of users service","status":500,"Error":"rpc error: code = Unknown desc = password is not correct"}
{"level":"info","ts":"2024-08-11T19:44:32.399+0500","logger":"api_gateway","caller":"/home/saidakbar/Desktop/Projects/personal_finance_tracker/api_gateway/api/handlers/v1/handler.go:53","msg":"!!!!! Internal Server Error","msg":"error while using ChangePassword method of users service","status":500,"Error":"rpc error: code = Unknown desc = password is not correct"}
{"level":"info","ts":"2024-08-11T19:48:57.118+0500","logger":"api_gateway","caller":"/home/saidakbar/Desktop/Projects/personal_finance_tracker/api_gateway/api/handlers/v1/handler.go:53","msg":"!!!!! Internal Server Error","msg":"error while using ChangePassword method of users service","status":500,"Error":"rpc error: code = Unknown desc = password is not correct"}
{"level":"info","ts":"2024-08-11T19:49:21.129+0500","logger":"api_gateway","caller":"/home/saidakbar/Desktop/Projects/personal_finance_tracker/api_gateway/api/handlers/v1/handler.go:53","msg":"!!!!! Internal Server Error","msg":"error while using ChangePassword method of users service","status":500,"Error":"rpc error: code = Unknown desc = password is not correct"}
{"level":"info","ts":"2024-08-11T19:49:26.230+0500","logger":"api_gateway","caller":"/home/saidakbar/Desktop/Projects/personal_finance_tracker/api_gateway/api/handlers/v1/handler.go:53","msg":"!!!!! Internal Server Error","msg":"error while using ChangePassword method of users service","status":500,"Error":"rpc error: code = Unknown desc = password is not correct"}
{"level":"info","ts":"2024-08-11T19:55:45.644+0500","logger":"api_gateway","caller":"/home/saidakbar/Desktop/Projects/personal_finance_tracker/api_gateway/api/handlers/v1/handler.go:44","msg":"~~~~> OK","msg":"user password was changed successfully","status":200}
{"level":"info","ts":"2024-08-11T19:56:32.849+0500","logger":"api_gateway","caller":"/home/saidakbar/Desktop/Projects/personal_finance_tracker/api_gateway/api/handlers/v1/handler.go:53","msg":"!!!!! Internal Server Error","msg":"error while using ChangePassword method of users service","status":500,"Error":"rpc error: code = Unknown desc = crypto/bcrypt: hashedSecret too short to be a bcrypted password"}
{"level":"info","ts":"2024-08-11T19:56:49.040+0500","logger":"api_gateway","caller":"/home/saidakbar/Desktop/Projects/personal_finance_tracker/api_gateway/api/handlers/v1/handler.go:53","msg":"!!!!! Internal Server Error","msg":"error while using ChangePassword method of users service","status":500,"Error":"rpc error: code = Unknown desc = crypto/bcrypt: hashedSecret too short to be a bcrypted password"}
{"level":"info","ts":"2024-08-11T19:56:50.687+0500","logger":"api_gateway","caller":"/home/saidakbar/Desktop/Projects/personal_finance_tracker/api_gateway/api/handlers/v1/handler.go:53","msg":"!!!!! Internal Server Error","msg":"error while using ChangePassword method of users service","status":500,"Error":"rpc error: code = Unknown desc = crypto/bcrypt: hashedSecret too short to be a bcrypted password"}
{"level":"info","ts":"2024-08-11T19:56:51.197+0500","logger":"api_gateway","caller":"/home/saidakbar/Desktop/Projects/personal_finance_tracker/api_gateway/api/handlers/v1/handler.go:53","msg":"!!!!! Internal Server Error","msg":"error while using ChangePassword method of users service","status":500,"Error":"rpc error: code = Unknown desc = crypto/bcrypt: hashedSecret too short to be a bcrypted password"}
{"level":"info","ts":"2024-08-11T19:56:51.578+0500","logger":"api_gateway","caller":"/home/saidakbar/Desktop/Projects/personal_finance_tracker/api_gateway/api/handlers/v1/handler.go:53","msg":"!!!!! Internal Server Error","msg":"error while using ChangePassword method of users service","status":500,"Error":"rpc error: code = Unknown desc = crypto/bcrypt: hashedSecret too short to be a bcrypted password"}
{"level":"info","ts":"2024-08-11T19:57:29.304+0500","logger":"api_gateway","caller":"/home/saidakbar/Desktop/Projects/personal_finance_tracker/api_gateway/api/handlers/v1/handler.go:53","msg":"!!!!! Internal Server Error","msg":"error while using ChangePassword method of users service","status":500,"Error":"rpc error: code = Unknown desc = crypto/bcrypt: hashedSecret too short to be a bcrypted password"}
{"level":"info","ts":"2024-08-11T19:58:06.580+0500","logger":"api_gateway","caller":"/home/saidakbar/Desktop/Projects/personal_finance_tracker/api_gateway/api/handlers/v1/handler.go:53","msg":"!!!!! Internal Server Error","msg":"error while using ChangePassword method of users service","status":500,"Error":"rpc error: code = Unknown desc = crypto/bcrypt: hashedSecret too short to be a bcrypted password"}
{"level":"info","ts":"2024-08-11T19:58:15.774+0500","logger":"api_gateway","caller":"/home/saidakbar/Desktop/Projects/personal_finance_tracker/api_gateway/api/handlers/v1/handler.go:44","msg":"~~~~> OK","msg":"user password was changed successfully","status":200}
{"level":"info","ts":"2024-08-11T19:59:33.215+0500","logger":"api_gateway","caller":"/home/saidakbar/Desktop/Projects/personal_finance_tracker/api_gateway/api/handlers/v1/handler.go:53","msg":"!!!!! Internal Server Error","msg":"error while using ChangePassword method of users service","status":500,"Error":"rpc error: code = Unknown desc = crypto/bcrypt: hashedSecret too short to be a bcrypted password"}
{"level":"info","ts":"2024-08-11T20:07:58.674+0500","logger":"api_gateway","caller":"/home/saidakbar/Desktop/Projects/personal_finance_tracker/api_gateway/api/handlers/v1/handler.go:44","msg":"~~~~> OK","msg":"user password was changed successfully","status":200}
{"level":"info","ts":"2024-08-11T20:08:09.263+0500","logger":"api_gateway","caller":"/home/saidakbar/Desktop/Projects/personal_finance_tracker/api_gateway/api/handlers/v1/handler.go:44","msg":"~~~~> OK","msg":"user password was changed successfully","status":200}
{"level":"info","ts":"2024-08-11T20:08:09.631+0500","logger":"api_gateway","caller":"/home/saidakbar/Desktop/Projects/personal_finance_tracker/api_gateway/api/handlers/v1/handler.go:44","msg":"~~~~> OK","msg":"user password was changed successfully","status":200}
{"level":"info","ts":"2024-08-11T20:08:21.105+0500","logger":"api_gateway","caller":"/home/saidakbar/Desktop/Projects/personal_finance_tracker/api_gateway/api/handlers/v1/handler.go:53","msg":"!!!!! Internal Server Error","msg":"error while using ChangePassword method of users service","status":500,"Error":"rpc error: code = Unknown desc = password does not match any stored password"}
{"level":"info","ts":"2024-08-11T20:08:33.314+0500","logger":"api_gateway","caller":"/home/saidakbar/Desktop/Projects/personal_finance_tracker/api_gateway/api/handlers/v1/handler.go:44","msg":"~~~~> OK","msg":"","status":200}
{"level":"info","ts":"2024-08-11T20:10:06.483+0500","logger":"api_gateway","caller":"/home/saidakbar/Desktop/Projects/personal_finance_tracker/api_gateway/cmd/main.go:45","msg":"Gin router is running.."}
{"level":"info","ts":"2024-08-11T20:10:15.837+0500","logger":"api_gateway","caller":"/home/saidakbar/Desktop/Projects/personal_finance_tracker/api_gateway/api/handlers/v1/handler.go:53","msg":"!!!!! Internal Server Error","msg":"error while using Update method of users service","status":500,"Error":"rpc error: code = Unknown desc = ERROR: syntax error at or near \"full_name\" (SQLSTATE 42601)"}
{"level":"info","ts":"2024-08-11T20:11:54.501+0500","logger":"api_gateway","caller":"/home/saidakbar/Desktop/Projects/personal_finance_tracker/api_gateway/api/handlers/v1/handler.go:53","msg":"!!!!! Internal Server Error","msg":"error while using Update method of users service","status":500,"Error":"rpc error: code = Unknown desc = ERROR: syntax error at or near \"full_name\" (SQLSTATE 42601)"}
{"level":"info","ts":"2024-08-11T20:12:23.496+0500","logger":"api_gateway","caller":"/home/saidakbar/Desktop/Projects/personal_finance_tracker/api_gateway/api/handlers/v1/handler.go:44","msg":"~~~~> OK","msg":"","status":200}
{"level":"info","ts":"2024-08-11T20:12:54.923+0500","logger":"api_gateway","caller":"/home/saidakbar/Desktop/Projects/personal_finance_tracker/api_gateway/api/handlers/v1/handler.go:44","msg":"~~~~> OK","msg":"","status":200}
{"level":"info","ts":"2024-08-11T20:12:58.072+0500","logger":"api_gateway","caller":"/home/saidakbar/Desktop/Projects/personal_finance_tracker/api_gateway/api/handlers/v1/handler.go:44","msg":"~~~~> OK","msg":"","status":200}
{"level":"info","ts":"2024-08-11T20:13:56.535+0500","logger":"api_gateway","caller":"/home/saidakbar/Desktop/Projects/personal_finance_tracker/api_gateway/api/handlers/v1/handler.go:44","msg":"~~~~> OK","msg":"","status":200}
{"level":"info","ts":"2024-08-11T20:14:07.584+0500","logger":"api_gateway","caller":"/home/saidakbar/Desktop/Projects/personal_finance_tracker/api_gateway/api/handlers/v1/handler.go:44","msg":"~~~~> OK","msg":"","status":200}
{"level":"info","ts":"2024-08-11T20:14:33.682+0500","logger":"api_gateway","caller":"/home/saidakbar/Desktop/Projects/personal_finance_tracker/api_gateway/api/handlers/v1/handler.go:44","msg":"~~~~> OK","msg":"","status":200}
{"level":"info","ts":"2024-08-11T20:14:46.161+0500","logger":"api_gateway","caller":"/home/saidakbar/Desktop/Projects/personal_finance_tracker/api_gateway/api/handlers/v1/handler.go:44","msg":"~~~~> OK","msg":"Success","status":200}
{"level":"info","ts":"2024-08-11T20:18:18.039+0500","logger":"api_gateway","caller":"/home/saidakbar/Desktop/Projects/personal_finance_tracker/api_gateway/api/handlers/v1/handler.go:44","msg":"~~~~> OK","msg":"Success","status":200}
{"level":"info","ts":"2024-08-11T20:18:38.185+0500","logger":"api_gateway","caller":"/home/saidakbar/Desktop/Projects/personal_finance_tracker/api_gateway/api/handlers/v1/handler.go:44","msg":"~~~~> OK","msg":"","status":200}
